2026/03/22 03:54:18 所有配置重新加载完成
2026/03/22 03:54:18 预加载文件哈希: index.yml -> d1ecc4f9
2026/03/22 03:54:18 预加载文件哈希: project_manage.json -> c8416a44
2026/03/22 03:54:18 预加载文件哈希: server_env.json -> 4411b6b8
2026/03/22 03:54:18 预加载文件哈希: server_list.json -> 9254fcfd
2026/03/22 03:54:18 预加载文件哈希: test.json -> fb61eb32
2026/03/22 03:54:18 预加载文件哈希: index.yml -> b5e376f9
2026/03/22 03:54:18 预加载文件哈希: project_router.json -> eeb679ba
2026/03/22 03:54:18 预加载文件哈希: service.yml -> 47fba443
2026/03/22 03:54:18 预加载文件哈希: config_manage.json -> 5284d0e1
2026/03/22 03:54:18 预加载文件哈希: index.yml -> ea24662a
2026/03/22 03:54:18 预加载文件哈希: ldap_group_manage.json -> 33736460
2026/03/22 03:54:18 预加载文件哈希: menu_manage.json -> 5c425ff3
2026/03/22 03:54:18 预加载文件哈希: role_manage.json -> eefead55
2026/03/22 03:54:18 预加载文件哈希: user_manage.json -> 94350922
2026/03/22 03:54:18 预加载文件哈希: doc_project_query.sql -> a3cdfc45
2026/03/22 03:54:18 预加载文件哈希: index.yml -> 00329fad
2026/03/22 03:54:18 预加载文件哈希: doc_project_content_query.sql -> 061904b7
2026/03/22 03:54:18 预加载文件哈希: index.yml -> 7f5842f2
2026/03/22 03:54:18 预加载文件哈希: config2excel.json -> f010bd35
2026/03/22 03:54:18 预加载文件哈希: config_folder2excel.json -> 19c50b60
2026/03/22 03:54:18 预加载文件哈希: doc_project_detail_msg.json -> bb93110a
2026/03/22 03:54:18 预加载文件哈希: doc_project_detail_query.sql -> abc1b995
2026/03/22 03:54:18 预加载文件哈希: doc_project_detail_query_folder.sql -> b8016ef0
2026/03/22 03:54:18 预加载文件哈希: index.yml -> 831b7319
2026/03/22 03:54:18 预加载文件哈希: doc_project_task_query.sql -> 87de27c0
2026/03/22 03:54:18 预加载文件哈希: index.yml -> ebc1409d
2026/03/22 03:54:18 预加载文件哈希: chart_doc_detail_service.json -> c3424b21
2026/03/22 03:54:18 预加载文件哈希: chart_doc_result.json -> 2346654a
2026/03/22 03:54:18 预加载文件哈希: chart_doc_start.json -> 6ad57a26
2026/03/22 03:54:18 预加载文件哈希: chart_status.json -> 90fd3383
2026/03/22 03:54:18 预加载文件哈希: field_detail.json -> f565f9f0
2026/03/22 03:54:18 预加载文件哈希: file_detail.json -> 39fe24dc
2026/03/22 03:54:18 预加载文件哈希: get_dir_result.json -> b4f9e902
2026/03/22 03:54:18 预加载文件哈希: get_pdf_result.json -> 2e181d6e
2026/03/22 03:54:18 预加载文件哈希: index.yml -> a92e6531
2026/03/22 03:54:18 预加载文件哈希: message_list.json -> af736937
2026/03/22 03:54:18 预加载文件哈希: start_chart.json -> 79d6c4a5
2026/03/22 03:54:18 预加载文件哈希: upload_dir_file.json -> ff26a7cd
2026/03/22 03:54:18 预加载文件哈希: upload_pdf_file.json -> 63e6cb45
2026/03/22 03:54:18 预加载文件哈希: index.yml -> 733d1808
2026/03/22 03:54:18 预加载文件哈希: price_doc_project_query.sql -> 4f1f14dc
2026/03/22 03:54:18 预加载文件哈希: base.sql -> 7e80e2a4
2026/03/22 03:54:18 预加载文件哈希: children_ids.sql -> 0cecd862
2026/03/22 03:54:18 预加载文件哈希: doc_modify.json -> 3d67de27
2026/03/22 03:54:18 预加载文件哈希: doc_price_count.sql -> a9b4d3ab
2026/03/22 03:54:18 预加载文件哈希: doc_price_query.sql -> 156bdc7f
2026/03/22 03:54:18 预加载文件哈希: index.yml -> 0f4cfab6
2026/03/22 03:54:18 预加载文件哈希: index.yml -> 56a56472
2026/03/22 03:54:18 预加载文件哈希: price_doc_project_qing_query.sql -> 50ca59f6
2026/03/22 03:54:18 预加载文件哈希: doc_tree_qing_modify.json -> 2496e3c0
2026/03/22 03:54:18 预加载文件哈希: index.yml -> 0707fe9a
2026/03/22 03:54:18 预加载文件哈希: price_doc_qing_tree_query.sql -> 08516572
2026/03/22 03:54:18 预加载文件哈希: doc_tree_modify.json -> 143e53d1
2026/03/22 03:54:18 预加载文件哈希: index.yml -> 1a035476
2026/03/22 03:54:18 预加载文件哈希: price_doc_tree_query.sql -> ef91bd6f
2026/03/22 03:54:18 预加载文件哈希: base.sql -> 21930540
2026/03/22 03:54:18 预加载文件哈希: children_ids.sql -> 706f4696
2026/03/22 03:54:18 预加载文件哈希: doc_modify.json -> 053b41a7
2026/03/22 03:54:18 预加载文件哈希: doc_price_count.sql -> a9b4d3ab
2026/03/22 03:54:18 预加载文件哈希: doc_price_query.sql -> efec369f
2026/03/22 03:54:18 预加载文件哈希: index.yml -> 9bdc2778
2026/03/22 03:54:18 预加载文件哈希: price_list2excel.json -> a4d3a7d2
2026/03/22 03:54:18 预加载文件哈希: service.yml -> 5777b6df
2026/03/22 03:54:18 预加载文件哈希: config2excel.json -> 62fce831
2026/03/22 03:54:18 预加载文件哈希: get_file_field_list.sql -> ccd2f45d
2026/03/22 03:54:18 预加载文件哈希: index.yml -> 29440b06
2026/03/22 03:54:18 预加载文件哈希: tb_config_detail_modify.json -> 009b034e
2026/03/22 03:54:18 预加载文件哈希: tb_config_query.sql -> e62559ae
2026/03/22 03:54:18 预加载文件哈希: zbjToTbj.json -> 8dbfc74c
2026/03/22 03:54:18 预加载文件哈希: index.yml -> 67046dd9
2026/03/22 03:54:18 预加载文件哈希: tb_project_query.sql -> b449e27a
2026/03/22 03:54:18 预加载文件哈希: index.yml -> 827d69d2
2026/03/22 03:54:18 预加载文件哈希: tb_project_manager_config_query.sql -> c6d04f1b
2026/03/22 03:54:18 预加载文件哈希: index.yml -> 53d4ffdf
2026/03/22 03:54:18 预加载文件哈希: technical_doc_query.sql -> 77b8bd6f
2026/03/22 03:54:18 预加载文件哈希: index.yml -> ba01fc21
2026/03/22 03:54:18 预加载文件哈希: all_detail.json -> e392b189
2026/03/22 03:54:18 预加载文件哈希: class_all.json -> 8854d525
2026/03/22 03:54:18 预加载文件哈希: class_grade_analyst.json -> 65736723
2026/03/22 03:54:18 预加载文件哈希: class_word_analyst.json -> b99e0f83
2026/03/22 03:54:18 预加载文件哈希: cognition_analyst.json -> 593d6d8a
2026/03/22 03:54:18 预加载文件哈希: course_in_grade.json -> 2cacb280
2026/03/22 03:54:18 预加载文件哈希: index.yml -> d3f75835
2026/03/22 03:54:18 预加载文件哈希: kypf.json -> 96dbfe36
2026/03/22 03:54:18 预加载文件哈希: memery_way.json -> 8d87ec52
2026/03/22 03:54:18 预加载文件哈希: phone_group.json -> a3f0161d
2026/03/22 03:54:18 预加载文件哈希: self_learn.json -> e75b4cf6
2026/03/22 03:54:18 预加载文件哈希: shsj.json -> fd6ad397
2026/03/22 03:54:18 预加载文件哈希: special_analyst.json -> 3b2ac262
2026/03/22 03:54:18 预加载文件哈希: student_detail.json -> 0b4e4314
2026/03/22 03:54:18 预加载文件哈希: student_list.json -> 04859bbe
2026/03/22 03:54:18 预加载文件哈希: student_list2.json -> 8b88cff7
2026/03/22 03:54:18 预加载文件哈希: style_analyst.json -> 7cf5132e
2026/03/22 03:54:18 预加载文件哈希: syts.json -> 6345da47
2026/03/22 03:54:18 预加载文件哈希: zhrw.json -> df8701d7
2026/03/22 03:54:18 预加载文件哈希: zszw.json -> 866f4c1d
2026/03/22 03:54:18 预加载文件哈希: zwpf.json -> 54ad887c
2026/03/22 03:54:18 预加载文件哈希: zzxx.json -> 5e993849
2026/03/22 03:54:18 预加载文件哈希: service.yml -> 43071f9a
2026/03/22 03:54:18 预加载文件哈希: course_grade.json -> 17b0e6c8
2026/03/22 03:54:18 预加载文件哈希: group_grade.json -> 6c633b72
2026/03/22 03:54:18 预加载文件哈希: index.yml -> 4409cef8
2026/03/22 03:54:18 预加载文件哈希: base.sql -> e8e608fb
2026/03/22 03:54:18 预加载文件哈希: change_list.sql -> b8bddf1e
2026/03/22 03:54:18 预加载文件哈希: change_list_count.sql -> a9b4d3ab
2026/03/22 03:54:18 预加载文件哈希: config_detail_modify.json -> 694e9eb5
2026/03/22 03:54:18 预加载文件哈希: config_detail_query.sql -> c3a07855
2026/03/22 03:54:18 预加载文件哈希: config_detail_query_all.sql -> 7ba03ef3
2026/03/22 03:54:18 预加载文件哈希: count.sql -> 95adb6e7
2026/03/22 03:54:18 预加载文件哈希: index.yml -> 814aa0bb
2026/03/22 03:54:18 预加载文件哈希: demo_query.sql -> 964d920c
2026/03/22 03:54:18 预加载文件哈希: doc_detail.json -> ce7a587d
2026/03/22 03:54:18 预加载文件哈希: doc_modify.json -> ddf3fc8a
2026/03/22 03:54:18 预加载文件哈希: doc_query.sql -> b7f6c6a7
2026/03/22 03:54:18 预加载文件哈希: import_list_query.sql -> 15ce2c05
2026/03/22 03:54:18 预加载文件哈希: index.yml -> 510e9296
2026/03/22 03:54:18 预加载文件哈希: params_query.sql -> 2f51af8e
2026/03/22 03:54:18 预加载文件哈希: result_query.sql -> 24889dbf
2026/03/22 03:54:18 预加载文件哈希: service_transfer.json -> ed8964e2
2026/03/22 03:54:18 预加载文件哈希: doc_group_modify.json -> c9814c97
2026/03/22 03:54:18 预加载文件哈希: doc_group_query.sql -> 36420f70
2026/03/22 03:54:18 预加载文件哈希: index.yml -> 06e68aef
2026/03/22 03:54:18 预加载文件哈希: service.yml -> ab213cc8
2026/03/22 03:54:18 预加载文件哈希: doc_modify.json -> 1061dc1c
2026/03/22 03:54:18 预加载文件哈希: index.yml -> a41fb925
2026/03/22 03:54:18 预加载文件哈希: base.sql -> ce128199
2026/03/22 03:54:18 预加载文件哈希: count.sql -> a9b4d3ab
2026/03/22 03:54:18 预加载文件哈希: img_query.sql -> d4b2413b
2026/03/22 03:54:18 预加载文件哈希: index.yml -> cecb292e
2026/03/22 03:54:18 预加载文件哈希: base.sql -> a3054b83
2026/03/22 03:54:18 预加载文件哈希: count.sql -> a9b4d3ab
2026/03/22 03:54:18 预加载文件哈希: img_dir_query.sql -> 27de5723
2026/03/22 03:54:18 预加载文件哈希: index.yml -> 1139a6eb
2026/03/22 03:54:18 预加载文件哈希: service.yml -> a76176f7
2026/03/22 03:54:18 预加载文件哈希: index.yml -> de39a74c
2026/03/22 03:54:18 预加载文件哈希: course.json -> fd5be014
2026/03/22 03:54:18 预加载文件哈希: training_type.json -> 64d3859f
2026/03/22 03:54:18 预加载文件哈希: course_in.json -> ca91045a
2026/03/22 03:54:18 预加载文件哈希: learn_before.json -> 5e0658c3
2026/03/22 03:54:18 预加载文件哈希: speak.json -> e32c19fd
2026/03/22 03:54:18 预加载文件哈希: training_dashboard.json -> ed0de21f
2026/03/22 03:54:18 预加载文件哈希: training_level.json -> 26a12836
2026/03/22 03:54:18 预加载文件哈希: frontend_doc_manage.json -> 8e5e2584
2026/03/22 03:54:18 预加载文件哈希: img_design_manage.json -> f02581c7
2026/03/22 03:54:18 预加载文件哈希: framework.json -> d3713008
2026/03/22 03:54:18 预加载文件哈希: framework_full.json -> d91d85d7
2026/03/22 03:54:18 预加载文件哈希: home.json -> 1f54834e
2026/03/22 03:54:18 预加载文件哈希: menu.json -> 0f45a4f4
2026/03/22 03:54:18 预加载文件哈希: next_version.json -> 41ec2228
2026/03/22 03:54:18 预加载文件哈希: price.json -> a98d088e
2026/03/22 03:54:18 预加载文件哈希: doc_demo.json -> 512b4f7d
2026/03/22 03:54:18 预加载文件哈希: webshell.json -> 2d9ed144
2026/03/22 03:54:18 预加载文件哈希: attachment.json -> 9b34b3ec
2026/03/22 03:54:18 预加载文件哈希: menu_manage.json -> a73ac371
2026/03/22 03:54:18 预加载文件哈希: role.json -> 4ed49d62
2026/03/22 03:54:18 预加载文件哈希: schema_field_manage.json -> b32e13b1
2026/03/22 03:54:18 预加载文件哈希: sys_code.json -> 01bc992d
2026/03/22 03:54:18 预加载文件哈希: user.json -> d6868839
2026/03/22 03:54:18 预加载文件哈希: doc_manage.json -> 79d1901f
2026/03/22 03:54:18 预加载文件哈希: index.yml -> 79ffacd0
2026/03/22 03:54:18 预加载文件哈希: service.yml -> 5d0d35a7
2026/03/22 03:54:18 预加载文件哈希: feedback.json -> 72bf136a
2026/03/22 03:54:18 预加载文件哈希: feedback_list.json -> 8cccacc1
2026/03/22 03:54:18 预加载文件哈希: framework.json -> c5294b8e
2026/03/22 03:54:18 预加载文件哈希: home.json -> 695cc9a0
2026/03/22 03:54:18 预加载文件哈希: location_tracker.json -> 76cdbb96
2026/03/22 03:54:18 预加载文件哈希: login.json -> e8bbda1f
2026/03/22 03:54:18 预加载文件哈希: register.json -> fbc3c4c2
2026/03/22 03:54:18 预加载文件哈希: register_list.json -> 2dc1c9b4
2026/03/22 03:54:18 预加载文件哈希: menu.json -> 24148a72
2026/03/22 03:54:18 预加载文件哈希: price.json -> f4788541
2026/03/22 03:54:18 预加载文件哈希: qing_price.json -> 4c2925f3
2026/03/22 03:54:18 预加载文件哈希: zj.json -> e5175b11
2026/03/22 03:54:18 预加载文件哈希: attachment.json -> 9b34b3ec
2026/03/22 03:54:18 预加载文件哈希: menu_manage.json -> b2655fde
2026/03/22 03:54:18 预加载文件哈希: role.json -> f85e0bf0
2026/03/22 03:54:18 预加载文件哈希: sys_code.json -> 01bc992d
2026/03/22 03:54:18 预加载文件哈希: user.json -> e2cdf561
2026/03/22 03:54:18 预加载文件哈希: doc_manage.json -> ef0b880d
2026/03/22 03:54:18 预加载文件哈希: doc_project_config.json -> 85f72cc6
2026/03/22 03:54:18 预加载文件哈希: model.json -> b814bf9f
2026/03/22 03:54:18 预加载文件哈希: service_transfer.json -> 8a0cd35c
2026/03/22 03:54:18 预加载文件哈希: tb_config.json -> fe5db02d
2026/03/22 03:54:18 预加载文件哈希: tb_config_detail.json -> edb3e476
2026/03/22 03:54:18 预加载文件哈希: index.yml -> cf3b8b10
2026/03/22 03:54:18 预加载文件哈希: service.yml -> 5d0d35a7
2026/03/22 03:54:18 预加载文件哈希: getPageUsers.json -> 8f7c1d69
2026/03/22 03:54:18 预加载文件哈希: index.yml -> 7f98a489
2026/03/22 03:54:18 预加载文件哈希: 1000020212bup_index_page_data.json -> 23ea8ec8
2026/03/22 03:54:18 预加载文件哈希: 2002bup_index_page_data.json -> 23ea8ec8
2026/03/22 03:54:18 预加载文件哈希: 2003bup_index_page_data.json -> 23ea8ec8
2026/03/22 03:54:18 预加载文件哈希: login_page_data.json -> 27c58811
2026/03/22 03:54:18 预加载文件哈希: portal_page_data.json -> 81f47e07
2026/03/22 03:54:18 预加载文件哈希: generateTicket.json -> c640a306
2026/03/22 03:54:18 预加载文件哈希: portal_login.json -> 830d802e
2026/03/22 03:54:18 预加载文件哈希: queryFunction.json -> 3cd99430
2026/03/22 03:54:18 预加载文件哈希: ssoVerify.json -> 0eb7d2ba
2026/03/22 03:54:18 预加载文件哈希: user_system.json -> ffab02c2
2026/03/22 03:54:18 预加载文件哈希: service_list.json -> 0e160379
2026/03/22 03:54:18 预加载文件哈希: service_transfer.json -> 9380e016
2026/03/22 03:54:18 预加载文件哈希: service.yml -> 5d0d35a7
2026/03/22 03:54:18 预加载文件哈希: add.json -> 26611853
2026/03/22 03:54:18 预加载文件哈希: index.yml -> 19d5a996
2026/03/22 03:54:18 预加载文件哈希: ldap_login.json -> b9a0c024
2026/03/22 03:54:18 预加载文件哈希: remote_ldap_group_create.json -> a439efe5
2026/03/22 03:54:18 预加载文件哈希: remote_ldap_group_delete.json -> fc98beb0
2026/03/22 03:54:18 预加载文件哈希: remote_ldap_group_edit.json -> f5699c5a
2026/03/22 03:54:18 预加载文件哈希: remote_ldap_group_list.json -> 10dde02e
2026/03/22 03:54:18 预加载文件哈希: remote_ldap_group_name_edit.json -> 1b8079ea
2026/03/22 03:54:18 预加载文件哈希: remote_ldap_group_search.json -> 7fd12f27
2026/03/22 03:54:18 预加载文件哈希: remote_user_ldap_delete.json -> 02820b0d
2026/03/22 03:54:18 预加载文件哈希: remote_user_ldap_group_add.json -> 4102e379
2026/03/22 03:54:18 预加载文件哈希: remote_user_ldap_group_remove.json -> 5279e530
2026/03/22 03:54:18 预加载文件哈希: search.json -> 16907353
2026/03/22 03:54:18 预加载文件哈希: search_user_all_group.json -> ad1b18c7
2026/03/22 03:54:18 预加载文件哈希: index.yml -> f24e4055
2026/03/22 03:54:18 预加载文件哈希: ldap_group_modify.json -> 75fc7550
2026/03/22 03:54:18 预加载文件哈希: ldap_group_query.sql -> 1e967413
2026/03/22 03:54:18 预加载文件哈希: index.yml -> 4c222085
2026/03/22 03:54:18 预加载文件哈希: system_login.json -> 082d9b25
2026/03/22 03:54:18 预加载文件哈希: base.sql -> d70e2183
2026/03/22 03:54:18 预加载文件哈希: index.yml -> c5a85621
2026/03/22 03:54:18 预加载文件哈希: role_query.sql -> 34c84c9c
2026/03/22 03:54:18 预加载文件哈希: role_query_count.sql -> a9b4d3ab
2026/03/22 03:54:18 预加载文件哈希: index.yml -> cc80335d
2026/03/22 03:54:18 预加载文件哈希: service.yml -> 102ac65a
2026/03/22 03:54:18 预加载文件哈希: data2excel_config.json -> 64080510
2026/03/22 03:54:18 预加载文件哈希: excel2data_config.json -> cc042d26
2026/03/22 03:54:18 预加载文件哈希: get_user_list_by_user_id_list.sql -> 0a1138d6
2026/03/22 03:54:18 预加载文件哈希: index.yml -> fcb81a80
2026/03/22 03:54:18 预加载文件哈希: install_agent.json -> 83343b9c
2026/03/22 03:54:18 预加载文件哈希: user_list.sql -> 969a549c
2026/03/22 03:54:18 预加载文件哈希: user_list2excel.json -> f39220e6
2026/03/22 03:54:18 预加载文件哈希: user_list_count.sql -> 1f85bbd7
2026/03/22 03:54:18 预加载文件哈希: user_modify.json -> 18edf641
2026/03/22 03:54:18 预加载文件哈希: base.sql -> aed46eb2
2026/03/22 03:54:18 预加载文件哈希: change_list.sql -> 8c75cedb
2026/03/22 03:54:18 预加载文件哈希: change_list_count.sql -> a9b4d3ab
2026/03/22 03:54:18 预加载文件哈希: index.yml -> 39af01c3
2026/03/22 03:54:18 预加载文件哈希: create_user_flow.json -> 0f9d5224
2026/03/22 03:54:18 预加载文件哈希: index.yml -> 99f34b0f
2026/03/22 03:54:18 预加载文件哈希: service_transfer.json -> 3463b1ea
2026/03/22 03:54:18 预加载文件哈希: user_modify.json -> 6e573b69
2026/03/22 03:54:18 预加载文件哈希: index.yml -> 18726b93
2026/03/22 03:54:18 预加载文件哈希: index.yml -> b66f0abb
2026/03/22 03:54:18 预加载文件哈希: issue_modify.json -> 46f6f2e7
2026/03/22 03:54:18 预加载文件哈希: jira_issue_slice.sql -> 231fa706
2026/03/22 03:54:18 预加载文件哈希: local_jira_issue_slice.sql -> cfd35124
2026/03/22 03:54:18 预加载文件哈希: update_issue_status.sql -> e837dd5e
2026/03/22 03:54:18 预加载文件哈希: update_issue_status_list_all.sql -> 7142b05a
2026/03/22 03:54:18 预加载文件哈希: service.yml -> d55a78fa
2026/03/22 03:54:18 预加载文件哈希: service.yml -> 8f3f04f1
2026/03/22 03:54:18 预加载文件哈希: index.yml -> 401272d0
2026/03/22 03:54:18 预加载文件哈希: index.yml -> 55325bea
2026/03/22 03:54:18 预加载文件哈希: project_list.sql -> 168c13bd
2026/03/22 03:54:18 预加载文件哈希: base.sql -> 6fc4d55c
2026/03/22 03:54:18 预加载文件哈希: connect_server.json -> dbde2efc
2026/03/22 03:54:18 预加载文件哈希: gen_user_table.json -> cf7d447a
2026/03/22 03:54:18 预加载文件哈希: index.yml -> f961f219
2026/03/22 03:54:18 预加载文件哈希: recently_server_list.sql -> 6ba49596
2026/03/22 03:54:18 预加载文件哈希: server_dir.json -> 43e8f20a
2026/03/22 03:54:18 预加载文件哈希: server_dir_tree.json -> 2197339a
2026/03/22 03:54:18 预加载文件哈希: server_dir_tree_by_info.json -> 3d6fcd91
2026/03/22 03:54:18 预加载文件哈希: server_dir_tree_shell.json -> 764a1278
2026/03/22 03:54:18 预加载文件哈希: server_dir_tree_shell_by_info.json -> dd94ba8e
2026/03/22 03:54:18 预加载文件哈希: server_file_download.json -> ced6a7f2
2026/03/22 03:54:18 预加载文件哈希: server_file_remove.json -> 442e9855
2026/03/22 03:54:18 预加载文件哈希: server_file_text.json -> 0999b216
2026/03/22 03:54:18 预加载文件哈希: server_file_text_batch.json -> d2bc6361
2026/03/22 03:54:18 预加载文件哈希: server_file_upload.json -> b5a9f2d3
2026/03/22 03:54:18 预加载文件哈希: server_file_write.json -> f0458c5f
2026/03/22 03:54:18 预加载文件哈希: server_info.json -> 0eacf3d1
2026/03/22 03:54:18 预加载文件哈希: server_list.sql -> 0f9b2cbc
2026/03/22 03:54:18 预加载文件哈希: value_transfer.json -> 2497d2b9
2026/03/22 03:54:18 预加载文件哈希: env_detail.json -> 9a691dc4
2026/03/22 03:54:18 预加载文件哈希: env_tree.sql -> 7707ee84
2026/03/22 03:54:18 预加载文件哈希: index.yml -> 343ef1f8
2026/03/22 03:54:18 预加载文件哈希: service_transfer.json -> 75f3b4d8
2026/03/22 03:54:18 预加载文件哈希: sys_env_query.sql -> bb7c5049
2026/03/22 03:54:18 预加载文件哈希: index.yml -> f648bb4d
2026/03/22 03:54:18 预加载文件哈希: server_os_users_query.sql -> 7f10fa5b
2026/03/22 03:54:18 预加载文件哈希: users_modify.json -> 2b0beb49
2026/03/22 03:54:18 预加载文件哈希: index.yml -> af36d7d4
2026/03/22 03:54:18 预加载文件哈希: server_user_group.sql -> 8c2c93aa
2026/03/22 03:54:18 预加载文件哈希: service.yml -> 10fed7ea
2026/03/22 03:54:18 预加载文件哈希: service_router.yml -> f3c51b87
2026/03/22 03:54:18 预加载文件哈希: base.sql -> c0c42629
2026/03/22 03:54:18 预加载文件哈希: course_attendance_count.sql -> 2ce6ddd2
2026/03/22 03:54:18 预加载文件哈希: course_count.sql -> 79361460
2026/03/22 03:54:18 预加载文件哈希: course_query.sql -> 28af2bce
2026/03/22 03:54:18 预加载文件哈希: index.yml -> 66017314
2026/03/22 03:54:18 预加载文件哈希: base.sql -> 16b6f9d1
2026/03/22 03:54:18 预加载文件哈希: course_attendance_count.sql -> 79361460
2026/03/22 03:54:18 预加载文件哈希: course_attendance_query.sql -> 90c92c0f
2026/03/22 03:54:18 预加载文件哈希: index.yml -> 76de8f01
2026/03/22 03:54:18 预加载文件哈希: analyst_list2excel.json -> 2d7c93ea
2026/03/22 03:54:18 预加载文件哈希: course_grade_query.sql -> 50f8e41f
2026/03/22 03:54:18 预加载文件哈希: grade_history.sql -> fa154e57
2026/03/22 03:54:18 预加载文件哈希: grade_list2excel.json -> 88bb83d5
2026/03/22 03:54:18 预加载文件哈希: grade_total.sql -> 32f17315
2026/03/22 03:54:18 预加载文件哈希: index.yml -> 25111b44
2026/03/22 03:54:18 预加载文件哈希: index.yml -> 1adfbb41
2026/03/22 03:54:18 预加载文件哈希: video_list.sql -> fcbf5967
2026/03/22 03:54:18 预加载文件哈希: service.yml -> 8d726964
2026/03/22 03:54:18 预加载文件哈希: base.sql -> e3766359
2026/03/22 03:54:18 预加载文件哈希: index.yml -> cd46802d
2026/03/22 03:54:18 预加载文件哈希: training_project_count.sql -> 79361460
2026/03/22 03:54:18 预加载文件哈希: training_project_query.sql -> b252eeaa
2026/03/22 03:54:18 预加载文件哈希: index.yml -> a218a8e0
2026/03/22 03:54:18 预加载文件哈希: attachment_query.sql -> 893d8325
2026/03/22 03:54:18 预加载文件哈希: index.yml -> b0ae2187
2026/03/22 03:54:18 预加载文件哈希: index.yml -> d5344a25
2026/03/22 03:54:18 预加载文件哈希: base.sql -> 79c5b0b6
2026/03/22 03:54:18 预加载文件哈希: count.sql -> a9b4d3ab
2026/03/22 03:54:18 预加载文件哈希: feedback_attachment_query.sql -> 08dd997b
2026/03/22 03:54:18 预加载文件哈希: index.yml -> fced89fc
2026/03/22 03:54:18 预加载文件哈希: query.sql -> 88bb51c6
2026/03/22 03:54:18 预加载文件哈希: frontend_doc_group_query.sql -> e350840f
2026/03/22 03:54:18 预加载文件哈希: index.yml -> b6f29bac
2026/03/22 03:54:18 预加载文件哈希: base.sql -> 780bc4d6
2026/03/22 03:54:18 预加载文件哈希: count.sql -> a9b4d3ab
2026/03/22 03:54:18 预加载文件哈希: index.yml -> 829d00dd
2026/03/22 03:54:18 预加载文件哈希: query.sql -> 473f0652
2026/03/22 03:54:18 预加载文件哈希: index.yml -> d343744d
2026/03/22 03:54:18 预加载文件哈希: index.yml -> 597eaa50
2026/03/22 03:54:18 预加载文件哈希: menu_modify.json -> f38c7ba5
2026/03/22 03:54:18 预加载文件哈希: menu_query.sql -> 6a2932fb
2026/03/22 03:54:18 预加载文件哈希: index.yml -> 51f70e33
2026/03/22 03:54:18 预加载文件哈希: msg_count.sql -> 3092a2ed
2026/03/22 03:54:18 预加载文件哈希: index.yml -> 30d50c87
2026/03/22 03:54:18 预加载文件哈希: pull_down_query.sql -> 9fd8a111
2026/03/22 03:54:18 预加载文件哈希: base.sql -> 6d8eb8f4
2026/03/22 03:54:18 预加载文件哈希: index.yml -> 755bcbce
2026/03/22 03:54:18 预加载文件哈希: registration_count.sql -> a9b4d3ab
2026/03/22 03:54:18 预加载文件哈希: registration_query.sql -> 75d9e98f
2026/03/22 03:54:18 预加载文件哈希: index.yml -> ada33ab2
2026/03/22 03:54:18 预加载文件哈希: menu_modify.json -> ef7688f7
2026/03/22 03:54:18 预加载文件哈希: role_menu_query.sql -> e9a0d9f2
2026/03/22 03:54:18 预加载文件哈希: index.yml -> 9d5cc9d4
2026/03/22 03:54:18 预加载文件哈希: schema_page_query.sql -> 4808930e
2026/03/22 03:54:18 预加载文件哈希: get_page_data.sql -> 37a2fac9
2026/03/22 03:54:18 预加载文件哈希: index.yml -> 98706d4f
2026/03/22 03:54:18 预加载文件哈希: page_data_modify.json -> 153047e8
2026/03/22 03:54:18 预加载文件哈希: field2excel.json -> dfbebbe6
2026/03/22 03:54:18 预加载文件哈希: get_page_schema_field.sql -> b204ab91
2026/03/22 03:54:18 预加载文件哈希: index.yml -> 9af8f5c2
2026/03/22 03:54:18 预加载文件哈希: service.yml -> 0939a324
2026/03/22 03:54:18 预加载文件哈希: btn_role_id_list_query.sql -> 28e9cdff
2026/03/22 03:54:18 预加载文件哈希: index.yml -> 5369b2c6
2026/03/22 03:54:18 预加载文件哈希: sys_btn_query.sql -> 6980d5ee
2026/03/22 03:54:18 预加载文件哈希: get_sys_code.sql -> 58060262
2026/03/22 03:54:18 预加载文件哈希: index.yml -> 08604a20
2026/03/22 03:54:18 预加载文件哈希: sys_code_list.sql -> d6ebeb38
2026/03/22 03:54:18 预加载文件哈希: index.yml -> a96d2cb9
2026/03/22 03:54:18 预加载文件哈希: service.yml -> ec9e2a2e
2026/03/22 03:54:18 预加载文件哈希: service.yml -> 6a28e07f
2026/03/22 03:54:18 预加载文件哈希: base.sql -> 0535e02c
2026/03/22 03:54:18 预加载文件哈希: get_info_by_token.sql -> b6419355
2026/03/22 03:54:18 预加载文件哈希: index.yml -> ec9c27d2
2026/03/22 03:54:18 预加载文件哈希: token_count.sql -> a9b4d3ab
2026/03/22 03:54:18 预加载文件哈希: token_list.sql -> d6ed8dcf
2026/03/22 03:54:18 预加载文件哈希: index.yml -> 2ddf5069
2026/03/22 03:54:18 预加载文件哈希: webshell_log_query.sql -> 4b22447d
2026/03/22 03:54:18 预加载文件哈希: base.sql -> a9b87956
2026/03/22 03:54:18 预加载文件哈希: index.yml -> 82997b0f
2026/03/22 03:54:18 预加载文件哈希: workspace_file_count.sql -> a89b0a3f
2026/03/22 03:54:18 预加载文件哈希: workspace_file_list.sql -> d81f75dc
2026/03/22 03:54:18 预加载文件哈希: workspace_file_recent_delete.sql -> d8d2e7e8
2026/03/22 03:54:18 预加载文件哈希: workspace_file_recent_list.sql -> 97526e9c
2026/03/22 03:54:18 预加载文件哈希: workspace_file_recent_open.sql -> 29aa4be4
2026/03/22 03:54:18 预加载文件哈希: workspace_file_tree_list.sql -> 611b63aa
2026/03/22 03:54:18 预加载文件哈希: base.sql -> b2149b4a
2026/03/22 03:54:18 预加载文件哈希: index.yml -> 4d144ff6
2026/03/22 03:54:18 预加载文件哈希: workspace_file_sync_modify.json -> d28ada08
2026/03/22 03:54:18 预加载文件哈希: workspace_project_count.sql -> a89b0a3f
2026/03/22 03:54:18 预加载文件哈希: workspace_project_list.sql -> a63de6d3
2026/03/22 03:54:18 预加载文件哈希: attendance.json -> bb22ba86
2026/03/22 03:54:18 预加载文件哈希: attendance_rule.sql -> ae79f03b
2026/03/22 03:54:18 预加载文件哈希: index.yml -> 2e01f164
2026/03/22 03:54:18 预加载文件哈希: attendance_data_query.sql -> 55e75e24
2026/03/22 03:54:18 预加载文件哈希: index.yml -> 2f9da2bf
2026/03/22 03:54:18 预加载文件哈希: local_attendance_data.sql -> 1335564c
2026/03/22 03:54:18 预加载文件哈希: attendance_modify.json -> 0875390c
2026/03/22 03:54:18 预加载文件哈希: get_attendance_user.sql -> fc188988
2026/03/22 03:54:18 预加载文件哈希: getcheckindata.json -> 3f646afe
2026/03/22 03:54:18 预加载文件哈希: index.yml -> b9769466
2026/03/22 03:54:18 预加载文件哈希: local_check_in_data.sql -> 8a136eca
2026/03/22 03:54:18 预加载文件哈希: bind_tester.json -> 28918644
2026/03/22 03:54:18 预加载文件哈希: index.yml -> 224b7724
2026/03/22 03:54:18 预加载文件哈希: memberauth.json -> 3565d2da
2026/03/22 03:54:18 预加载文件哈希: mini_app_token.json -> c7f71ca3
2026/03/22 03:54:18 预加载文件哈希: service.yml -> 8b26af46
2026/03/22 03:54:18 预加载文件哈希: gettoken.json -> 8bd05a2c
2026/03/22 03:54:18 预加载文件哈希: gettoken_app.json -> 8bd05a2c
2026/03/22 03:54:18 预加载文件哈希: index.yml -> e1ba9f8f
2026/03/22 03:54:18 预加载文件哈希: get_userid.json -> b22a91c6
2026/03/22 03:54:18 预加载文件哈希: index.yml -> 66f004f6
2026/03/22 03:54:18 预加载文件哈希: list_id.json -> 16d89fd0
2026/03/22 03:54:18 预加载文件哈希: user_info.json -> 2ac51d46
2026/03/22 03:54:18 预加载文件哈希: user_list.json -> e39ba067
2026/03/22 03:54:18 预加载文件哈希: index.yml -> 494640fa
2026/03/22 03:54:18 预加载文件哈希: service_list.json -> df44b4f0
2026/03/22 03:54:18 预加载文件哈希: service_transfer.json -> 4abb22a1
2026/03/22 03:54:18 预加载文件哈希: get_next_issue_key.sql -> 190b235b
2026/03/22 03:54:18 预加载文件哈希: index.yml -> 0705cacd
2026/03/22 03:54:18 预加载文件哈希: index.yml -> 36cfdf86
2026/03/22 03:54:18 预加载文件哈希: work_task_issue_type_query.sql -> 57868c06
2026/03/22 03:54:18 预加载文件哈希: index.yml -> 57372b21
2026/03/22 03:54:18 预加载文件哈希: work_task_label_query.sql -> c7004f90
2026/03/22 03:54:18 预加载文件哈希: index.yml -> 9bff3511
2026/03/22 03:54:18 预加载文件哈希: work_task_module_query.sql -> f08d8b4f
2026/03/22 03:54:18 预加载文件哈希: index.yml -> f8a5a19e
2026/03/22 03:54:18 预加载文件哈希: work_task_priority_query.sql -> 1e31c6d4
2026/03/22 03:54:18 预加载文件哈希: service.yml -> 5333fc75
2026/03/22 03:54:18 预加载文件哈希: index.yml -> c0fb3048
2026/03/22 03:54:18 预加载文件哈希: work_task_status_query.sql -> e0ed0570
2026/03/22 03:54:18 预加载文件哈希: index.yml -> e12b28a8
2026/03/22 03:54:18 预加载文件哈希: work_task_version_query.sql -> bb76629f
2026/03/22 03:54:18 预加载文件哈希: index.yml -> 889f6655
2026/03/22 03:54:18 预加载文件哈希: work_task_project_query.sql -> dece29bf
2026/03/22 03:54:18 预加载了 420 个文件的哈希值
2026/03/22 03:54:18 开始监听配置文件变更: /data/project/auto-check/collect
2026/03/22 03:54:18 配置热重载监听器启动成功
[GIN-debug] [WARNING] Creating an Engine instance with the Logger and Recovery middleware already attached.

[GIN-debug] [WARNING] Running in "debug" mode. Switch to "release" mode in production.
 - using env:	export GIN_MODE=release
 - using code:	gin.SetMode(gin.ReleaseMode)

[GIN-debug] GET    /static/*filepath         --> github.com/gin-gonic/gin.(*RouterGroup).createStaticHandler.func1 (7 handlers)
[GIN-debug] HEAD   /static/*filepath         --> github.com/gin-gonic/gin.(*RouterGroup).createStaticHandler.func1 (7 handlers)
[GIN-debug] GET    /PJJb1XCek8.txt           --> main.main.(*RouterGroup).StaticFile.func8 (10 handlers)
[GIN-debug] HEAD   /PJJb1XCek8.txt           --> main.main.(*RouterGroup).StaticFile.func8 (10 handlers)
1.添加定时任务[autodesk.handler_project_task]@every 30s
1.执行启动服务[config.config_detail_cache_all]
[GIN-debug] GET    /                         --> main.main.func2 (10 handlers)
[GIN-debug] POST   /template_data/data       --> main.main.func3 (10 handlers)
[GIN-debug] GET    /template_data/ws/:token  --> main.main.func4 (10 handlers)
[GIN-debug] [WARNING] You trusted all proxies, this is NOT safe. We recommend you to set a value.
Please check https://pkg.go.dev/github.com/gin-gonic/gin#readme-don-t-trust-all-proxies for details.
[GIN-debug] Listening and serving HTTP on :8016
